# JRE version: OpenJDK Runtime Environment (8.0_422-b05) (build 1.8.0_422-8u422-b05-1~22.04-b05)
# Java VM: OpenJDK 64-Bit Server VM (25.422-b05 mixed mode linux-amd64 )
Heap:
 PSYoungGen      total 948224K, used 698601K [0x00007f1cc6580000, 0x00007f1d08f00000, 0x00007f1f71000000)
  eden space 892928K, 72% used [0x00007f1cc6580000,0x00007f1ced9c18b8,0x00007f1cfcd80000)
  from space 55296K, 99% used [0x00007f1d01280000,0x00007f1d04878de0,0x00007f1d04880000)
  to   space 70656K, 0% used [0x00007f1cfcd80000,0x00007f1cfcd80000,0x00007f1d01280000)
 ParOldGen       total 1290752K, used 95252K [0x00007f1771000000, 0x00007f17bfc80000, 0x00007f1cc6580000)
  object space 1290752K, 7% used [0x00007f1771000000,0x00007f1776d05338,0x00007f17bfc80000)
 Metaspace       used 136916K, capacity 147782K, committed 147968K, reserved 149504K
GC Heap History (10 events):
Event: 20.533 GC heap before
{Heap before GC invocations=10 (full 3):
 PSYoungGen      total 576512K, used 434970K [0x00007f1cc6580000, 0x00007f1ceb700000, 0x00007f1f71000000)
  eden space 557056K, 78% used [0x00007f1cc6580000,0x00007f1ce0e46970,0x00007f1ce8580000)
  from space 19456K, 0% used [0x00007f1cea400000,0x00007f1cea400000,0x00007f1ceb700000)
  to   space 23552K, 0% used [0x00007f1ce8900000,0x00007f1ce8900000,0x00007f1cea000000)
 ParOldGen       total 890880K, used 30412K [0x00007f1771000000, 0x00007f17a7600000, 0x00007f1cc6580000)
  object space 890880K, 3% used [0x00007f1771000000,0x00007f1772db32d8,0x00007f17a7600000)
 Metaspace       used 91317K, capacity 98331K, committed 98380K, reserved 100352K
Event: 20.577 GC heap after
Heap after GC invocations=10 (full 3):
 PSYoungGen      total 584192K, used 23532K [0x00007f1cc6580000, 0x00007f1cfb380000, 0x00007f1f71000000)
  eden space 560640K, 0% used [0x00007f1cc6580000,0x00007f1cc6580000,0x00007f1ce8900000)
  from space 23552K, 99% used [0x00007f1ce8900000,0x00007f1ce9ffb1a0,0x00007f1cea000000)
  to   space 38400K, 0% used [0x00007f1cf8e00000,0x00007f1cf8e00000,0x00007f1cfb380000)
 ParOldGen       total 890880K, used 53502K [0x00007f1771000000, 0x00007f17a7600000, 0x00007f1cc6580000)
  object space 890880K, 6% used [0x00007f1771000000,0x00007f177443fb60,0x00007f17a7600000)
 Metaspace       used 91317K, capacity 98331K, committed 98380K, reserved 100352K
}
Event: 20.577 GC heap before
{Heap before GC invocations=11 (full 4):
 PSYoungGen      total 584192K, used 23532K [0x00007f1cc6580000, 0x00007f1cfb380000, 0x00007f1f71000000)
  eden space 560640K, 0% used [0x00007f1cc6580000,0x00007f1cc6580000,0x00007f1ce8900000)
  from space 23552K, 99% used [0x00007f1ce8900000,0x00007f1ce9ffb1a0,0x00007f1cea000000)
  to   space 38400K, 0% used [0x00007f1cf8e00000,0x00007f1cf8e00000,0x00007f1cfb380000)
 ParOldGen       total 890880K, used 53502K [0x00007f1771000000, 0x00007f17a7600000, 0x00007f1cc6580000)
  object space 890880K, 6% used [0x00007f1771000000,0x00007f177443fb60,0x00007f17a7600000)
 Metaspace       used 91317K, capacity 98331K, committed 98380K, reserved 100352K
Event: 20.715 GC heap after
Heap after GC invocations=11 (full 4):
 PSYoungGen      total 584192K, used 0K [0x00007f1cc6580000, 0x00007f1cfb380000, 0x00007f1f71000000)
  eden space 560640K, 0% used [0x00007f1cc6580000,0x00007f1cc6580000,0x00007f1ce8900000)
  from space 23552K, 0% used [0x00007f1ce8900000,0x00007f1ce8900000,0x00007f1cea000000)
  to   space 38400K, 0% used [0x00007f1cf8e00000,0x00007f1cf8e00000,0x00007f1cfb380000)
 ParOldGen       total 1290752K, used 68106K [0x00007f1771000000, 0x00007f17bfc80000, 0x00007f1cc6580000)
  object space 1290752K, 5% used [0x00007f1771000000,0x00007f1775282a18,0x00007f17bfc80000)
 Metaspace       used 91317K, capacity 98331K, committed 98380K, reserved 100352K
}
Event: 25.482 GC heap before
{Heap before GC invocations=12 (full 4):
 PSYoungGen      total 584192K, used 560640K [0x00007f1cc6580000, 0x00007f1cfb380000, 0x00007f1f71000000)
  eden space 560640K, 100% used [0x00007f1cc6580000,0x00007f1ce8900000,0x00007f1ce8900000)
  from space 23552K, 0% used [0x00007f1ce8900000,0x00007f1ce8900000,0x00007f1cea000000)
  to   space 38400K, 0% used [0x00007f1cf8e00000,0x00007f1cf8e00000,0x00007f1cfb380000)
 ParOldGen       total 1290752K, used 68106K [0x00007f1771000000, 0x00007f17bfc80000, 0x00007f1cc6580000)
  object space 1290752K, 5% used [0x00007f1771000000,0x00007f1775282a18,0x00007f17bfc80000)
 Metaspace       used 128473K, capacity 138490K, committed 138752K, reserved 139264K
Event: 25.526 GC heap after
Heap after GC invocations=12 (full 4):
 PSYoungGen      total 781312K, used 38393K [0x00007f1cc6580000, 0x00007f1cfb380000, 0x00007f1f71000000)
  eden space 742912K, 0% used [0x00007f1cc6580000,0x00007f1cc6580000,0x00007f1cf3b00000)
  from space 38400K, 99% used [0x00007f1cf8e00000,0x00007f1cfb37e650,0x00007f1cfb380000)
  to   space 48128K, 0% used [0x00007f1cf5580000,0x00007f1cf5580000,0x00007f1cf8480000)
 ParOldGen       total 1290752K, used 76292K [0x00007f1771000000, 0x00007f17bfc80000, 0x00007f1cc6580000)
  object space 1290752K, 5% used [0x00007f1771000000,0x00007f1775a81338,0x00007f17bfc80000)
 Metaspace       used 128473K, capacity 138490K, committed 138752K, reserved 139264K
}
Event: 31.454 GC heap before
{Heap before GC invocations=13 (full 4):
 PSYoungGen      total 781312K, used 781305K [0x00007f1cc6580000, 0x00007f1cfb380000, 0x00007f1f71000000)
  eden space 742912K, 100% used [0x00007f1cc6580000,0x00007f1cf3b00000,0x00007f1cf3b00000)
  from space 38400K, 99% used [0x00007f1cf8e00000,0x00007f1cfb37e650,0x00007f1cfb380000)
  to   space 48128K, 0% used [0x00007f1cf5580000,0x00007f1cf5580000,0x00007f1cf8480000)
 ParOldGen       total 1290752K, used 76292K [0x00007f1771000000, 0x00007f17bfc80000, 0x00007f1cc6580000)
  object space 1290752K, 5% used [0x00007f1771000000,0x00007f1775a81338,0x00007f17bfc80000)
 Metaspace       used 134831K, capacity 145545K, committed 145664K, reserved 147456K
Event: 31.551 GC heap after
Heap after GC invocations=13 (full 4):
 PSYoungGen      total 818176K, used 46702K [0x00007f1cc6580000, 0x00007f1d04880000, 0x00007f1f71000000)
  eden space 770048K, 0% used [0x00007f1cc6580000,0x00007f1cc6580000,0x00007f1cf5580000)
  from space 48128K, 97% used [0x00007f1cf5580000,0x00007f1cf831b820,0x00007f1cf8480000)
  to   space 55296K, 0% used [0x00007f1d01280000,0x00007f1d01280000,0x00007f1d04880000)
 ParOldGen       total 1290752K, used 76324K [0x00007f1771000000, 0x00007f17bfc80000, 0x00007f1cc6580000)
  object space 1290752K, 5% used [0x00007f1771000000,0x00007f1775a89338,0x00007f17bfc80000)
 Metaspace       used 134831K, capacity 145545K, committed 145664K, reserved 147456K
}
Event: 42.299 GC heap before
{Heap before GC invocations=14 (full 4):
 PSYoungGen      total 818176K, used 816750K [0x00007f1cc6580000, 0x00007f1d04880000, 0x00007f1f71000000)
  eden space 770048K, 100% used [0x00007f1cc6580000,0x00007f1cf5580000,0x00007f1cf5580000)
  from space 48128K, 97% used [0x00007f1cf5580000,0x00007f1cf831b820,0x00007f1cf8480000)
  to   space 55296K, 0% used [0x00007f1d01280000,0x00007f1d01280000,0x00007f1d04880000)
 ParOldGen       total 1290752K, used 76324K [0x00007f1771000000, 0x00007f17bfc80000, 0x00007f1cc6580000)
  object space 1290752K, 5% used [0x00007f1771000000,0x00007f1775a89338,0x00007f17bfc80000)
 Metaspace       used 134838K, capacity 145545K, committed 145664K, reserved 147456K
Event: 42.447 GC heap after
Heap after GC invocations=14 (full 4):
 PSYoungGen      total 948224K, used 55267K [0x00007f1cc6580000, 0x00007f1d08f00000, 0x00007f1f71000000)
  eden space 892928K, 0% used [0x00007f1cc6580000,0x00007f1cc6580000,0x00007f1cfcd80000)
  from space 55296K, 99% used [0x00007f1d01280000,0x00007f1d04878de0,0x00007f1d04880000)
  to   space 70656K, 0% used [0x00007f1cfcd80000,0x00007f1cfcd80000,0x00007f1d01280000)
 ParOldGen       total 1290752K, used 95252K [0x00007f1771000000, 0x00007f17bfc80000, 0x00007f1cc6580000)
  object space 1290752K, 7% used [0x00007f1771000000,0x00007f1776d05338,0x00007f17bfc80000)
 Metaspace       used 134838K, capacity 145545K, committed 145664K, reserved 147456K
}

